<?xml version="1.0" encoding="UTF-8"?>
<!-- Generated by org.testng.reporters.JUnitReportReporter -->
<testsuite hostname="sonal3154027" failures="0" tests="1" name="com.nagarro.nagp.automationSampleApplication.ChildA" time="0.006" errors="0" timestamp="2023-02-23T17:14:48 IST" skipped="0">
  <testcase classname="com.nagarro.nagp.automationSampleApplication.ChildA" name="TestCase1" time="0.006"/>
  <system-out/>
</testsuite> <!-- com.nagarro.nagp.automationSampleApplication.ChildA -->
