<?xml version="1.0" encoding="UTF-8"?>
<!-- Generated by org.testng.reporters.JUnitReportReporter -->
<testsuite hostname="sonal3154027" failures="0" tests="3" name="com.nagarro.nagp.automationSampleApplication.Calculator" time="0.021" errors="0" timestamp="2023-02-23T17:14:48 IST" skipped="0">
  <testcase classname="com.nagarro.nagp.automationSampleApplication.Calculator" name="testAdd" time="0.004"/>
  <system-out/>
  <testcase classname="com.nagarro.nagp.automationSampleApplication.Calculator" name="testFailedAdd" time="0.010"/>
  <system-out/>
  <testcase classname="com.nagarro.nagp.automationSampleApplication.Calculator" name="testSub" time="0.007"/>
  <system-out/>
</testsuite> <!-- com.nagarro.nagp.automationSampleApplication.Calculator -->
